c:\users\minhvu\source\repos\baitap_lon\baitap_lon\debug\vc142.pdb
c:\users\minhvu\source\repos\baitap_lon\baitap_lon\debug\vc142.idb
c:\users\minhvu\source\repos\baitap_lon\baitap_lon\debug\point.obj
c:\users\minhvu\source\repos\baitap_lon\baitap_lon\debug\rectangle.obj
c:\users\minhvu\source\repos\baitap_lon\baitap_lon\debug\ellipse.obj
c:\users\minhvu\source\repos\baitap_lon\baitap_lon\debug\dagiac.obj
c:\users\minhvu\source\repos\baitap_lon\baitap_lon\debug\baitap_lon.obj
c:\users\minhvu\source\repos\baitap_lon\debug\baitap_lon.exe
c:\users\minhvu\source\repos\baitap_lon\debug\baitap_lon.ilk
c:\users\minhvu\source\repos\baitap_lon\debug\baitap_lon.pdb
c:\users\minhvu\source\repos\baitap_lon\baitap_lon\debug\baitap_lon.res
c:\users\minhvu\source\repos\baitap_lon\baitap_lon\debug\baitap_lon.tlog\cl.command.1.tlog
c:\users\minhvu\source\repos\baitap_lon\baitap_lon\debug\baitap_lon.tlog\cl.read.1.tlog
c:\users\minhvu\source\repos\baitap_lon\baitap_lon\debug\baitap_lon.tlog\cl.write.1.tlog
c:\users\minhvu\source\repos\baitap_lon\baitap_lon\debug\baitap_lon.tlog\link.command.1.tlog
c:\users\minhvu\source\repos\baitap_lon\baitap_lon\debug\baitap_lon.tlog\link.read.1.tlog
c:\users\minhvu\source\repos\baitap_lon\baitap_lon\debug\baitap_lon.tlog\link.write.1.tlog
c:\users\minhvu\source\repos\baitap_lon\baitap_lon\debug\baitap_lon.tlog\rc.command.1.tlog
c:\users\minhvu\source\repos\baitap_lon\baitap_lon\debug\baitap_lon.tlog\rc.read.1.tlog
c:\users\minhvu\source\repos\baitap_lon\baitap_lon\debug\baitap_lon.tlog\rc.write.1.tlog
